[2024-06-14 22:33:46.394 +01:00  INF]  User profile is available. Using 'C:\Users\myles\AppData\Local\ASP.NET\DataProtection-Keys' as key repository and Windows DPAPI to encrypt keys at rest.
[2024-06-14 22:33:46.607 +01:00  INF]  Now listening on: https://localhost:7104
[2024-06-14 22:33:46.607 +01:00  INF]  Now listening on: http://localhost:5038
[2024-06-14 22:33:46.608 +01:00  INF]  Application started. Press Ctrl+C to shut down.
[2024-06-14 22:33:46.609 +01:00  INF]  Hosting environment: Development
[2024-06-14 22:33:46.609 +01:00  INF]  Content root path: C:\Users\myles\source\repos\BacklogTracker\BacklogTracker
[2024-06-14 22:33:46.832 +01:00  INF]  Request starting HTTP/2 POST https://localhost:7104/ - application/x-www-form-urlencoded 202
[2024-06-14 22:33:46.934 +01:00  INF]  Executing endpoint '/Index'
[2024-06-14 22:33:46.964 +01:00  INF]  Route matched with {page = "/Index", action = "", controller = "", area = ""}. Executing page /Index
[2024-06-14 22:33:46.989 +01:00  INF]  Executing handler method BacklogTracker.Pages.IndexModel.OnPost - ModelState is "Valid"
[2024-06-14 22:33:46.991 +01:00  INF]  Fetching games from GiantBomb API...
[2024-06-14 22:33:47.001 +01:00  INF]  Start processing HTTP request GET https://www.giantbomb.com/api/search/?api_key=971b75abd389a994ecfcc70ae5ebab3e2abe2a35&query=final%20fantasy&resources=game&field_list=name,site_detail_url,description,id
[2024-06-14 22:33:47.002 +01:00  INF]  Sending HTTP request GET https://www.giantbomb.com/api/search/?api_key=971b75abd389a994ecfcc70ae5ebab3e2abe2a35&query=final%20fantasy&resources=game&field_list=name,site_detail_url,description,id
[2024-06-14 22:33:47.447 +01:00  INF]  Received HTTP response headers after 442.4207ms - 200
[2024-06-14 22:33:47.450 +01:00  INF]  End processing HTTP request after 450.5669ms - 200
[2024-06-14 22:33:47.478 +01:00  INF]  Deserialization complete!
[2024-06-14 22:33:47.479 +01:00  INF]  Request complete!
[2024-06-14 22:33:47.479 +01:00  INF]  Executed handler method OnPost, returned result .
[2024-06-14 22:33:47.481 +01:00  INF]  Executing an implicit handler method - ModelState is "Valid"
[2024-06-14 22:33:47.481 +01:00  INF]  Executed an implicit handler method, returned result Microsoft.AspNetCore.Mvc.RazorPages.PageResult.
[2024-06-14 22:33:47.695 +01:00  INF]  Executed page /Index in 726.2251ms
[2024-06-14 22:33:47.696 +01:00  INF]  Executed endpoint '/Index'
[2024-06-14 22:33:47.701 +01:00  INF]  Request finished HTTP/2 POST https://localhost:7104/ - 200 null text/html; charset=utf-8 870.7238ms
[2024-06-14 22:33:47.767 +01:00  INF]  Request starting HTTP/2 GET https://localhost:7104/_framework/aspnetcore-browser-refresh.js - null null
[2024-06-14 22:33:47.771 +01:00  INF]  Request finished HTTP/2 GET https://localhost:7104/_framework/aspnetcore-browser-refresh.js - 200 13764 application/javascript; charset=utf-8 4.0764ms
[2024-06-14 22:33:47.777 +01:00  INF]  Request starting HTTP/2 GET https://localhost:7104/_vs/browserLink - null null
[2024-06-14 22:33:47.797 +01:00  INF]  Request finished HTTP/2 GET https://localhost:7104/_vs/browserLink - 200 null text/javascript; charset=UTF-8 20.7889ms
[2024-06-14 22:33:52.387 +01:00  INF]  Request starting HTTP/2 POST https://localhost:7104/ - application/x-www-form-urlencoded 194
[2024-06-14 22:33:52.394 +01:00  INF]  Executing endpoint '/Index'
[2024-06-14 22:33:52.395 +01:00  INF]  Route matched with {page = "/Index", action = "", controller = "", area = ""}. Executing page /Index
[2024-06-14 22:33:52.397 +01:00  INF]  Executing handler method BacklogTracker.Pages.IndexModel.OnPost - ModelState is "Valid"
[2024-06-14 22:33:52.397 +01:00  INF]  Fetching games from GiantBomb API...
[2024-06-14 22:33:52.398 +01:00  INF]  Start processing HTTP request GET https://www.giantbomb.com/api/search/?api_key=971b75abd389a994ecfcc70ae5ebab3e2abe2a35&query=zelda&resources=game&field_list=name,site_detail_url,description,id
[2024-06-14 22:33:52.398 +01:00  INF]  Sending HTTP request GET https://www.giantbomb.com/api/search/?api_key=971b75abd389a994ecfcc70ae5ebab3e2abe2a35&query=zelda&resources=game&field_list=name,site_detail_url,description,id
[2024-06-14 22:33:52.753 +01:00  INF]  Received HTTP response headers after 354.5926ms - 200
[2024-06-14 22:33:52.753 +01:00  INF]  End processing HTTP request after 355.2679ms - 200
[2024-06-14 22:33:52.796 +01:00  INF]  Deserialization complete!
[2024-06-14 22:33:52.797 +01:00  INF]  Request complete!
[2024-06-14 22:33:52.797 +01:00  INF]  Executed handler method OnPost, returned result .
[2024-06-14 22:33:52.797 +01:00  INF]  Executing an implicit handler method - ModelState is "Valid"
[2024-06-14 22:33:52.797 +01:00  INF]  Executed an implicit handler method, returned result Microsoft.AspNetCore.Mvc.RazorPages.PageResult.
[2024-06-14 22:33:52.819 +01:00  INF]  Executed page /Index in 424.3393ms
[2024-06-14 22:33:52.820 +01:00  INF]  Executed endpoint '/Index'
[2024-06-14 22:33:52.820 +01:00  INF]  Request finished HTTP/2 POST https://localhost:7104/ - 200 null text/html; charset=utf-8 432.8075ms
[2024-06-14 22:33:52.855 +01:00  INF]  Request starting HTTP/2 GET https://localhost:7104/_framework/aspnetcore-browser-refresh.js - null null
[2024-06-14 22:33:52.856 +01:00  INF]  Request finished HTTP/2 GET https://localhost:7104/_framework/aspnetcore-browser-refresh.js - 200 13764 application/javascript; charset=utf-8 0.8973ms
[2024-06-14 22:33:52.857 +01:00  INF]  Request starting HTTP/2 GET https://localhost:7104/_vs/browserLink - null null
[2024-06-14 22:33:52.873 +01:00  INF]  Request finished HTTP/2 GET https://localhost:7104/_vs/browserLink - 200 null text/javascript; charset=UTF-8 16.1456ms
