[2024-06-27 21:26:43.514 +01:00  BacklogTracker.Pages.IndexModel INF]  Fetching games from GiantBomb API...
[2024-06-27 21:26:44.584 +01:00  BacklogTracker.Services.GiantBombService INF]  Deserialization complete!
[2024-06-27 21:26:44.584 +01:00  BacklogTracker.Services.GiantBombService INF]  Request complete!
[2024-06-27 21:26:54.165 +01:00  BacklogTracker.Areas.Identity.Pages.Account.LoginModel INF]  User logged in.
[2024-06-27 21:26:57.426 +01:00  BacklogTracker.Pages.IndexModel INF]  Fetching games from GiantBomb API...
[2024-06-27 21:26:57.682 +01:00  BacklogTracker.Services.GiantBombService INF]  Deserialization complete!
[2024-06-27 21:26:57.683 +01:00  BacklogTracker.Services.GiantBombService INF]  Request complete!
[2024-06-27 21:27:00.031 +01:00  BacklogTracker.Pages.IndexModel INF]  Fetching games from GiantBomb API...
[2024-06-27 21:27:00.525 +01:00  BacklogTracker.Services.GiantBombService INF]  Deserialization complete!
[2024-06-27 21:27:00.525 +01:00  BacklogTracker.Services.GiantBombService INF]  Request complete!
[2024-06-27 21:27:22.440 +01:00  BacklogTracker.Pages.IndexModel INF]  Fetching games from GiantBomb API...
[2024-06-27 21:27:22.912 +01:00  BacklogTracker.Services.GiantBombService INF]  Deserialization complete!
[2024-06-27 21:27:22.913 +01:00  BacklogTracker.Services.GiantBombService INF]  Request complete!
[2024-06-27 21:27:30.733 +01:00  BacklogTracker.Pages.IndexModel INF]  Fetching games from GiantBomb API...
[2024-06-27 21:27:31.924 +01:00  BacklogTracker.Services.GiantBombService INF]  Deserialization complete!
[2024-06-27 21:27:31.924 +01:00  BacklogTracker.Services.GiantBombService INF]  Request complete!
[2024-06-27 21:27:39.079 +01:00  BacklogTracker.Pages.IndexModel INF]  Fetching games from GiantBomb API...
[2024-06-27 21:27:39.612 +01:00  BacklogTracker.Services.GiantBombService INF]  Deserialization complete!
[2024-06-27 21:27:39.612 +01:00  BacklogTracker.Services.GiantBombService INF]  Request complete!
[2024-06-27 21:27:48.725 +01:00  BacklogTracker.Pages.IndexModel INF]  Fetching games from GiantBomb API...
[2024-06-27 21:27:49.262 +01:00  BacklogTracker.Services.GiantBombService INF]  Deserialization complete!
[2024-06-27 21:27:49.262 +01:00  BacklogTracker.Services.GiantBombService INF]  Request complete!
[2024-06-27 21:27:55.836 +01:00  BacklogTracker.Pages.IndexModel INF]  Fetching games from GiantBomb API...
[2024-06-27 21:27:57.472 +01:00  BacklogTracker.Services.GiantBombService INF]  Deserialization complete!
[2024-06-27 21:27:57.472 +01:00  BacklogTracker.Services.GiantBombService INF]  Request complete!
[2024-06-27 21:28:04.664 +01:00  BacklogTracker.Pages.IndexModel INF]  Fetching games from GiantBomb API...
[2024-06-27 21:28:05.592 +01:00  BacklogTracker.Services.GiantBombService INF]  Deserialization complete!
[2024-06-27 21:28:05.592 +01:00  BacklogTracker.Services.GiantBombService INF]  Request complete!
[2024-06-27 21:28:16.429 +01:00  BacklogTracker.Pages.IndexModel INF]  Fetching games from GiantBomb API...
[2024-06-27 21:28:17.487 +01:00  BacklogTracker.Services.GiantBombService INF]  Deserialization complete!
[2024-06-27 21:28:17.487 +01:00  BacklogTracker.Services.GiantBombService INF]  Request complete!
[2024-06-27 21:36:21.786 +01:00  BacklogTracker.Areas.Identity.Pages.Account.LogoutModel INF]  User logged out.
