[2025-11-26 12:00:08.219 +00:00  BacklogTracker.Pages.IndexModel INF]  Fetching games from GiantBomb API...
[2025-11-26 12:00:09.099 +00:00  BacklogTracker.Services.GiantBombService INF]  Deserialization complete!
[2025-11-26 12:00:09.100 +00:00  BacklogTracker.Services.GiantBombService INF]  Request complete!
[2025-11-26 12:00:26.581 +00:00  BacklogTracker.Areas.Identity.Pages.Account.LoginModel INF]  User logged in.
[2025-11-26 12:00:30.759 +00:00  BacklogTracker.Areas.Identity.Pages.Account.Manage.GamesModel INF]  Fetching backlog...
[2025-11-26 12:00:31.274 +00:00  BacklogTracker.Services.GiantBombService INF]  Deserialization complete!
[2025-11-26 12:00:31.275 +00:00  BacklogTracker.Services.GiantBombService INF]  Request complete!
[2025-11-26 12:00:31.275 +00:00  BacklogTracker.Areas.Identity.Pages.Account.Manage.GamesModel INF]  Fetching completed games...
[2025-11-26 12:00:31.502 +00:00  BacklogTracker.Services.GiantBombService INF]  Deserialization complete!
[2025-11-26 12:00:31.503 +00:00  BacklogTracker.Services.GiantBombService INF]  Request complete!
[2025-11-26 12:00:34.311 +00:00  BacklogTracker.Areas.Identity.Pages.Account.Manage.GamesModel INF]  Fetching backlog...
[2025-11-26 12:00:34.571 +00:00  BacklogTracker.Services.GiantBombService INF]  Deserialization complete!
[2025-11-26 12:00:34.572 +00:00  BacklogTracker.Services.GiantBombService INF]  Request complete!
[2025-11-26 12:00:34.572 +00:00  BacklogTracker.Areas.Identity.Pages.Account.Manage.GamesModel INF]  Fetching completed games...
[2025-11-26 12:00:34.820 +00:00  BacklogTracker.Services.GiantBombService INF]  Deserialization complete!
[2025-11-26 12:00:34.820 +00:00  BacklogTracker.Services.GiantBombService INF]  Request complete!
[2025-11-26 12:00:36.082 +00:00  BacklogTracker.Areas.Identity.Pages.Account.Manage.GamesModel INF]  Fetching backlog...
[2025-11-26 12:00:36.399 +00:00  BacklogTracker.Services.GiantBombService INF]  Deserialization complete!
[2025-11-26 12:00:36.399 +00:00  BacklogTracker.Services.GiantBombService INF]  Request complete!
[2025-11-26 12:00:37.963 +00:00  BacklogTracker.Areas.Identity.Pages.Account.Manage.GamesModel INF]  Fetching backlog...
[2025-11-26 12:00:38.472 +00:00  BacklogTracker.Services.GiantBombService INF]  Deserialization complete!
[2025-11-26 12:00:38.472 +00:00  BacklogTracker.Services.GiantBombService INF]  Request complete!
[2025-11-26 12:00:38.472 +00:00  BacklogTracker.Areas.Identity.Pages.Account.Manage.GamesModel INF]  Fetching completed games...
[2025-11-26 12:00:38.885 +00:00  BacklogTracker.Services.GiantBombService INF]  Deserialization complete!
[2025-11-26 12:00:38.885 +00:00  BacklogTracker.Services.GiantBombService INF]  Request complete!
[2025-11-26 12:00:49.187 +00:00  BacklogTracker.Pages.IndexModel INF]  Fetching games from GiantBomb API...
[2025-11-26 12:00:51.353 +00:00  BacklogTracker.Services.GiantBombService INF]  Deserialization complete!
[2025-11-26 12:00:51.353 +00:00  BacklogTracker.Services.GiantBombService INF]  Request complete!
[2025-11-26 12:00:57.624 +00:00  BacklogTracker.Areas.Identity.Pages.Account.Manage.GamesModel INF]  Fetching backlog...
[2025-11-26 12:00:57.869 +00:00  BacklogTracker.Services.GiantBombService INF]  Deserialization complete!
[2025-11-26 12:00:57.869 +00:00  BacklogTracker.Services.GiantBombService INF]  Request complete!
[2025-11-26 12:00:57.869 +00:00  BacklogTracker.Areas.Identity.Pages.Account.Manage.GamesModel INF]  Fetching completed games...
[2025-11-26 12:00:58.108 +00:00  BacklogTracker.Services.GiantBombService INF]  Deserialization complete!
[2025-11-26 12:00:58.109 +00:00  BacklogTracker.Services.GiantBombService INF]  Request complete!
