[2024-06-28 20:51:41.743 +01:00  BacklogTracker.Areas.Identity.Pages.Account.LoginModel INF]  User logged in.
[2024-06-28 20:51:54.001 +01:00  BacklogTracker.Areas.Identity.Pages.Account.Manage.GamesModel INF]  Fetching backlog...
[2024-06-28 20:51:54.470 +01:00  BacklogTracker.Services.GiantBombService INF]  Deserialization complete!
[2024-06-28 20:51:54.471 +01:00  BacklogTracker.Services.GiantBombService INF]  Request complete!
[2024-06-28 20:51:54.471 +01:00  BacklogTracker.Areas.Identity.Pages.Account.Manage.GamesModel INF]  Fetching completed games...
[2024-06-28 20:51:54.767 +01:00  BacklogTracker.Services.GiantBombService INF]  Deserialization complete!
[2024-06-28 20:51:54.768 +01:00  BacklogTracker.Services.GiantBombService INF]  Request complete!
[2024-06-28 20:51:57.336 +01:00  BacklogTracker.Areas.Identity.Pages.Account.Manage.GamesModel INF]  Fetching backlog...
[2024-06-28 20:51:57.592 +01:00  BacklogTracker.Services.GiantBombService INF]  Deserialization complete!
[2024-06-28 20:51:57.592 +01:00  BacklogTracker.Services.GiantBombService INF]  Request complete!
[2024-06-28 20:51:57.592 +01:00  BacklogTracker.Areas.Identity.Pages.Account.Manage.GamesModel INF]  Fetching completed games...
[2024-06-28 20:51:57.884 +01:00  BacklogTracker.Services.GiantBombService INF]  Deserialization complete!
[2024-06-28 20:51:57.884 +01:00  BacklogTracker.Services.GiantBombService INF]  Request complete!
[2024-06-28 20:51:58.469 +01:00  BacklogTracker.Areas.Identity.Pages.Account.Manage.GamesModel INF]  Fetching backlog...
[2024-06-28 20:51:58.715 +01:00  BacklogTracker.Services.GiantBombService INF]  Deserialization complete!
[2024-06-28 20:51:58.715 +01:00  BacklogTracker.Services.GiantBombService INF]  Request complete!
[2024-06-28 20:51:58.715 +01:00  BacklogTracker.Areas.Identity.Pages.Account.Manage.GamesModel INF]  Fetching completed games...
[2024-06-28 20:51:58.998 +01:00  BacklogTracker.Services.GiantBombService INF]  Deserialization complete!
[2024-06-28 20:51:58.998 +01:00  BacklogTracker.Services.GiantBombService INF]  Request complete!
[2024-06-28 20:51:59.546 +01:00  BacklogTracker.Areas.Identity.Pages.Account.Manage.GamesModel INF]  Fetching completed games...
[2024-06-28 20:51:59.907 +01:00  BacklogTracker.Services.GiantBombService INF]  Deserialization complete!
[2024-06-28 20:51:59.907 +01:00  BacklogTracker.Services.GiantBombService INF]  Request complete!
[2024-06-28 20:52:00.693 +01:00  BacklogTracker.Areas.Identity.Pages.Account.Manage.GamesModel INF]  Fetching backlog...
[2024-06-28 20:52:00.960 +01:00  BacklogTracker.Services.GiantBombService INF]  Deserialization complete!
[2024-06-28 20:52:00.960 +01:00  BacklogTracker.Services.GiantBombService INF]  Request complete!
[2024-06-28 20:52:00.960 +01:00  BacklogTracker.Areas.Identity.Pages.Account.Manage.GamesModel INF]  Fetching completed games...
[2024-06-28 20:52:01.202 +01:00  BacklogTracker.Services.GiantBombService INF]  Deserialization complete!
[2024-06-28 20:52:01.203 +01:00  BacklogTracker.Services.GiantBombService INF]  Request complete!
[2024-06-28 20:52:01.906 +01:00  BacklogTracker.Areas.Identity.Pages.Account.Manage.GamesModel INF]  Fetching backlog...
[2024-06-28 20:52:02.179 +01:00  BacklogTracker.Services.GiantBombService INF]  Deserialization complete!
[2024-06-28 20:52:02.180 +01:00  BacklogTracker.Services.GiantBombService INF]  Request complete!
[2024-06-28 20:52:02.180 +01:00  BacklogTracker.Areas.Identity.Pages.Account.Manage.GamesModel INF]  Fetching completed games...
[2024-06-28 20:52:02.443 +01:00  BacklogTracker.Services.GiantBombService INF]  Deserialization complete!
[2024-06-28 20:52:02.443 +01:00  BacklogTracker.Services.GiantBombService INF]  Request complete!
[2024-06-28 20:52:03.119 +01:00  BacklogTracker.Areas.Identity.Pages.Account.Manage.GamesModel INF]  Fetching backlog...
[2024-06-28 20:52:03.418 +01:00  BacklogTracker.Services.GiantBombService INF]  Deserialization complete!
[2024-06-28 20:52:03.418 +01:00  BacklogTracker.Services.GiantBombService INF]  Request complete!
[2024-06-28 20:52:03.913 +01:00  BacklogTracker.Areas.Identity.Pages.Account.Manage.GamesModel INF]  Fetching backlog...
[2024-06-28 20:52:04.147 +01:00  BacklogTracker.Services.GiantBombService INF]  Deserialization complete!
[2024-06-28 20:52:04.148 +01:00  BacklogTracker.Services.GiantBombService INF]  Request complete!
[2024-06-28 20:52:04.677 +01:00  BacklogTracker.Areas.Identity.Pages.Account.Manage.GamesModel INF]  Fetching backlog...
[2024-06-28 20:52:04.918 +01:00  BacklogTracker.Services.GiantBombService INF]  Deserialization complete!
[2024-06-28 20:52:04.918 +01:00  BacklogTracker.Services.GiantBombService INF]  Request complete!
[2024-06-28 20:52:10.552 +01:00  BacklogTracker.Pages.IndexModel INF]  Fetching games from GiantBomb API...
[2024-06-28 20:52:11.381 +01:00  BacklogTracker.Services.GiantBombService INF]  Deserialization complete!
[2024-06-28 20:52:11.381 +01:00  BacklogTracker.Services.GiantBombService INF]  Request complete!
[2024-06-28 20:52:26.098 +01:00  BacklogTracker.Pages.IndexModel INF]  Fetching games from GiantBomb API...
[2024-06-28 20:52:26.461 +01:00  BacklogTracker.Services.GiantBombService INF]  Deserialization complete!
[2024-06-28 20:52:26.461 +01:00  BacklogTracker.Services.GiantBombService INF]  Request complete!
[2024-06-28 20:52:37.362 +01:00  BacklogTracker.Pages.IndexModel INF]  Fetching games from GiantBomb API...
[2024-06-28 20:52:37.623 +01:00  BacklogTracker.Services.GiantBombService INF]  Deserialization complete!
[2024-06-28 20:52:37.623 +01:00  BacklogTracker.Services.GiantBombService INF]  Request complete!
[2024-06-28 20:52:51.582 +01:00  BacklogTracker.Areas.Identity.Pages.Account.LogoutModel INF]  User logged out.
[2024-06-28 20:53:41.285 +01:00  BacklogTracker.Areas.Identity.Pages.Account.LoginModel INF]  User logged in.
[2024-06-28 20:53:45.966 +01:00  BacklogTracker.Pages.IndexModel INF]  Fetching games from GiantBomb API...
[2024-06-28 20:53:47.519 +01:00  BacklogTracker.Services.GiantBombService INF]  Deserialization complete!
[2024-06-28 20:53:47.519 +01:00  BacklogTracker.Services.GiantBombService INF]  Request complete!
[2024-06-28 20:53:55.949 +01:00  BacklogTracker.Pages.IndexModel INF]  Fetching games from GiantBomb API...
[2024-06-28 20:53:56.253 +01:00  BacklogTracker.Services.GiantBombService INF]  Deserialization complete!
[2024-06-28 20:53:56.253 +01:00  BacklogTracker.Services.GiantBombService INF]  Request complete!
[2024-06-28 20:54:11.547 +01:00  BacklogTracker.Areas.Identity.Pages.Account.Manage.GamesModel INF]  Fetching backlog...
[2024-06-28 20:54:11.817 +01:00  BacklogTracker.Services.GiantBombService INF]  Deserialization complete!
[2024-06-28 20:54:11.817 +01:00  BacklogTracker.Services.GiantBombService INF]  Request complete!
[2024-06-28 20:54:15.208 +01:00  BacklogTracker.Areas.Identity.Pages.Account.Manage.GamesModel INF]  Fetching backlog...
[2024-06-28 20:54:15.445 +01:00  BacklogTracker.Services.GiantBombService INF]  Deserialization complete!
[2024-06-28 20:54:15.445 +01:00  BacklogTracker.Services.GiantBombService INF]  Request complete!
[2024-06-28 20:54:15.445 +01:00  BacklogTracker.Areas.Identity.Pages.Account.Manage.GamesModel INF]  Fetching completed games...
[2024-06-28 20:54:15.693 +01:00  BacklogTracker.Services.GiantBombService INF]  Deserialization complete!
[2024-06-28 20:54:15.693 +01:00  BacklogTracker.Services.GiantBombService INF]  Request complete!
[2024-06-28 20:54:23.095 +01:00  BacklogTracker.Areas.Users.Pages.UserPageModel INF]  Fetching user...
[2024-06-28 20:54:23.105 +01:00  BacklogTracker.Areas.Users.Pages.UserPageModel INF]  Fetching user's games list...
[2024-06-28 20:54:23.344 +01:00  BacklogTracker.Services.GiantBombService INF]  Deserialization complete!
[2024-06-28 20:54:23.344 +01:00  BacklogTracker.Services.GiantBombService INF]  Request complete!
[2024-06-28 20:54:23.344 +01:00  BacklogTracker.Areas.Users.Pages.UserPageModel INF]  Fetching user's completed games list...
[2024-06-28 20:54:23.595 +01:00  BacklogTracker.Services.GiantBombService INF]  Deserialization complete!
[2024-06-28 20:54:23.596 +01:00  BacklogTracker.Services.GiantBombService INF]  Request complete!
