[2024-06-15 23:24:35.966 +01:00  INF]  Fetching games from GiantBomb API...
[2024-06-15 23:24:36.501 +01:00  INF]  Deserialization complete!
[2024-06-15 23:24:36.502 +01:00  INF]  Request complete!
[2024-06-15 23:24:54.504 +01:00  INF]  User logged in.
[2024-06-15 23:24:59.772 +01:00  INF]  Fetching user...
[2024-06-15 23:24:59.808 +01:00  INF]  Fetching user's games list...
[2024-06-15 23:25:00.142 +01:00  INF]  Deserialization complete!
[2024-06-15 23:25:00.142 +01:00  INF]  Request complete!
[2024-06-15 23:25:00.143 +01:00  INF]  Fetching user's completed games list...
[2024-06-15 23:25:00.537 +01:00  INF]  Deserialization complete!
[2024-06-15 23:25:00.537 +01:00  INF]  Request complete!
[2024-06-15 23:29:09.913 +01:00  BacklogTracker.Areas.Users.Pages.UserPageModel INF]  Fetching user...
[2024-06-15 23:29:09.913 +01:00  BacklogTracker.Areas.Users.Pages.UserPageModel INF]  Fetching user...
[2024-06-15 23:29:10.806 +01:00  BacklogTracker.Areas.Users.Pages.UserPageModel INF]  Fetching user's games list...
[2024-06-15 23:29:10.806 +01:00  BacklogTracker.Areas.Users.Pages.UserPageModel INF]  Fetching user's games list...
[2024-06-15 23:29:11.173 +01:00  BacklogTracker.Services.GiantBombService INF]  Deserialization complete!
[2024-06-15 23:29:11.173 +01:00  BacklogTracker.Services.GiantBombService INF]  Request complete!
[2024-06-15 23:29:11.173 +01:00  BacklogTracker.Areas.Users.Pages.UserPageModel INF]  Fetching user's completed games list...
[2024-06-15 23:29:11.388 +01:00  BacklogTracker.Services.GiantBombService INF]  Deserialization complete!
[2024-06-15 23:29:11.388 +01:00  BacklogTracker.Services.GiantBombService INF]  Request complete!
[2024-06-15 23:29:11.388 +01:00  BacklogTracker.Areas.Users.Pages.UserPageModel INF]  Fetching user's completed games list...
[2024-06-15 23:29:11.627 +01:00  BacklogTracker.Services.GiantBombService INF]  Deserialization complete!
[2024-06-15 23:29:11.627 +01:00  BacklogTracker.Services.GiantBombService INF]  Request complete!
[2024-06-15 23:29:11.748 +01:00  BacklogTracker.Services.GiantBombService INF]  Deserialization complete!
[2024-06-15 23:29:11.748 +01:00  BacklogTracker.Services.GiantBombService INF]  Request complete!
[2024-06-15 23:29:19.402 +01:00  BacklogTracker.Pages.IndexModel INF]  Fetching games from GiantBomb API...
[2024-06-15 23:29:20.714 +01:00  BacklogTracker.Services.GiantBombService INF]  Deserialization complete!
[2024-06-15 23:29:20.714 +01:00  BacklogTracker.Services.GiantBombService INF]  Request complete!
