[2024-10-10 21:34:04.947 +01:00  BacklogTracker.Pages.IndexModel INF]  Fetching games from GiantBomb API...
[2024-10-10 21:34:06.134 +01:00  BacklogTracker.Services.GiantBombService INF]  Deserialization complete!
[2024-10-10 21:34:06.134 +01:00  BacklogTracker.Services.GiantBombService INF]  Request complete!
[2024-10-10 21:34:15.378 +01:00  BacklogTracker.Areas.Identity.Pages.Account.LoginModel INF]  User logged in.
[2024-10-10 21:34:19.189 +01:00  BacklogTracker.Areas.Identity.Pages.Account.Manage.GamesModel INF]  Fetching backlog...
[2024-10-10 21:34:19.546 +01:00  BacklogTracker.Services.GiantBombService INF]  Deserialization complete!
[2024-10-10 21:34:19.546 +01:00  BacklogTracker.Services.GiantBombService INF]  Request complete!
[2024-10-10 21:34:19.546 +01:00  BacklogTracker.Areas.Identity.Pages.Account.Manage.GamesModel INF]  Fetching completed games...
[2024-10-10 21:34:19.791 +01:00  BacklogTracker.Services.GiantBombService INF]  Deserialization complete!
[2024-10-10 21:34:19.791 +01:00  BacklogTracker.Services.GiantBombService INF]  Request complete!
[2024-10-10 21:34:22.193 +01:00  BacklogTracker.Areas.Identity.Pages.Account.Manage.GamesModel INF]  Fetching backlog...
[2024-10-10 21:34:22.405 +01:00  BacklogTracker.Services.GiantBombService INF]  Deserialization complete!
[2024-10-10 21:34:22.405 +01:00  BacklogTracker.Services.GiantBombService INF]  Request complete!
[2024-10-10 21:34:22.405 +01:00  BacklogTracker.Areas.Identity.Pages.Account.Manage.GamesModel INF]  Fetching completed games...
[2024-10-10 21:34:22.631 +01:00  BacklogTracker.Services.GiantBombService INF]  Deserialization complete!
[2024-10-10 21:34:22.631 +01:00  BacklogTracker.Services.GiantBombService INF]  Request complete!
[2024-10-10 21:34:24.987 +01:00  BacklogTracker.Areas.Identity.Pages.Account.Manage.GamesModel INF]  Fetching backlog...
[2024-10-10 21:34:25.283 +01:00  BacklogTracker.Services.GiantBombService INF]  Deserialization complete!
[2024-10-10 21:34:25.284 +01:00  BacklogTracker.Services.GiantBombService INF]  Request complete!
[2024-10-10 21:34:27.471 +01:00  BacklogTracker.Areas.Identity.Pages.Account.Manage.GamesModel INF]  Fetching backlog...
[2024-10-10 21:34:27.691 +01:00  BacklogTracker.Services.GiantBombService INF]  Deserialization complete!
[2024-10-10 21:34:27.691 +01:00  BacklogTracker.Services.GiantBombService INF]  Request complete!
[2024-10-10 21:34:27.691 +01:00  BacklogTracker.Areas.Identity.Pages.Account.Manage.GamesModel INF]  Fetching completed games...
[2024-10-10 21:34:27.924 +01:00  BacklogTracker.Services.GiantBombService INF]  Deserialization complete!
[2024-10-10 21:34:27.924 +01:00  BacklogTracker.Services.GiantBombService INF]  Request complete!
[2024-10-10 21:35:11.780 +01:00  BacklogTracker.Areas.Identity.Pages.Account.Manage.GamesModel INF]  Fetching backlog...
[2024-10-10 21:35:12.278 +01:00  BacklogTracker.Services.GiantBombService INF]  Deserialization complete!
[2024-10-10 21:35:12.278 +01:00  BacklogTracker.Services.GiantBombService INF]  Request complete!
[2024-10-10 21:35:12.278 +01:00  BacklogTracker.Areas.Identity.Pages.Account.Manage.GamesModel INF]  Fetching completed games...
[2024-10-10 21:35:12.582 +01:00  BacklogTracker.Services.GiantBombService INF]  Deserialization complete!
[2024-10-10 21:35:12.582 +01:00  BacklogTracker.Services.GiantBombService INF]  Request complete!
[2024-10-10 21:37:36.130 +01:00  BacklogTracker.Areas.Identity.Pages.Account.Manage.GamesModel INF]  Fetching backlog...
[2024-10-10 21:37:36.444 +01:00  BacklogTracker.Services.GiantBombService INF]  Deserialization complete!
[2024-10-10 21:37:36.445 +01:00  BacklogTracker.Services.GiantBombService INF]  Request complete!
[2024-10-10 21:37:36.445 +01:00  BacklogTracker.Areas.Identity.Pages.Account.Manage.GamesModel INF]  Fetching completed games...
[2024-10-10 21:37:36.659 +01:00  BacklogTracker.Services.GiantBombService INF]  Deserialization complete!
[2024-10-10 21:37:36.659 +01:00  BacklogTracker.Services.GiantBombService INF]  Request complete!
[2024-10-10 21:37:39.940 +01:00  BacklogTracker.Areas.Identity.Pages.Account.Manage.GamesModel INF]  Fetching backlog...
[2024-10-10 21:37:40.145 +01:00  BacklogTracker.Services.GiantBombService INF]  Deserialization complete!
[2024-10-10 21:37:40.145 +01:00  BacklogTracker.Services.GiantBombService INF]  Request complete!
[2024-10-10 21:37:40.145 +01:00  BacklogTracker.Areas.Identity.Pages.Account.Manage.GamesModel INF]  Fetching completed games...
[2024-10-10 21:37:40.390 +01:00  BacklogTracker.Services.GiantBombService INF]  Deserialization complete!
[2024-10-10 21:37:40.390 +01:00  BacklogTracker.Services.GiantBombService INF]  Request complete!
[2024-10-10 21:37:41.583 +01:00  BacklogTracker.Areas.Identity.Pages.Account.LogoutModel INF]  User logged out.
[2024-10-10 21:37:43.390 +01:00  BacklogTracker.Pages.IndexModel INF]  Fetching games from GiantBomb API...
[2024-10-10 21:37:43.677 +01:00  BacklogTracker.Services.GiantBombService INF]  Deserialization complete!
[2024-10-10 21:37:43.677 +01:00  BacklogTracker.Services.GiantBombService INF]  Request complete!
[2024-10-10 21:37:46.727 +01:00  BacklogTracker.Pages.IndexModel INF]  Fetching games from GiantBomb API...
[2024-10-10 21:37:48.914 +01:00  BacklogTracker.Services.GiantBombService INF]  Deserialization complete!
[2024-10-10 21:37:48.914 +01:00  BacklogTracker.Services.GiantBombService INF]  Request complete!
[2024-10-10 21:37:52.206 +01:00  BacklogTracker.Areas.Identity.Pages.Account.LoginModel INF]  User logged in.
[2024-10-10 21:37:57.695 +01:00  BacklogTracker.Pages.IndexModel INF]  Fetching games from GiantBomb API...
[2024-10-10 21:37:58.059 +01:00  BacklogTracker.Services.GiantBombService INF]  Deserialization complete!
[2024-10-10 21:37:58.060 +01:00  BacklogTracker.Services.GiantBombService INF]  Request complete!
[2024-10-10 21:38:04.651 +01:00  BacklogTracker.Areas.Identity.Pages.Account.Manage.GamesModel INF]  Fetching backlog...
[2024-10-10 21:38:04.858 +01:00  BacklogTracker.Services.GiantBombService INF]  Deserialization complete!
[2024-10-10 21:38:04.858 +01:00  BacklogTracker.Services.GiantBombService INF]  Request complete!
[2024-10-10 21:38:04.858 +01:00  BacklogTracker.Areas.Identity.Pages.Account.Manage.GamesModel INF]  Fetching completed games...
[2024-10-10 21:38:05.177 +01:00  BacklogTracker.Services.GiantBombService INF]  Deserialization complete!
[2024-10-10 21:38:05.177 +01:00  BacklogTracker.Services.GiantBombService INF]  Request complete!
[2024-10-10 21:38:06.958 +01:00  BacklogTracker.Areas.Identity.Pages.Account.Manage.GamesModel INF]  Fetching backlog...
[2024-10-10 21:38:07.161 +01:00  BacklogTracker.Services.GiantBombService INF]  Deserialization complete!
[2024-10-10 21:38:07.161 +01:00  BacklogTracker.Services.GiantBombService INF]  Request complete!
[2024-10-10 21:38:07.161 +01:00  BacklogTracker.Areas.Identity.Pages.Account.Manage.GamesModel INF]  Fetching completed games...
[2024-10-10 21:38:07.382 +01:00  BacklogTracker.Services.GiantBombService INF]  Deserialization complete!
[2024-10-10 21:38:07.382 +01:00  BacklogTracker.Services.GiantBombService INF]  Request complete!
[2024-10-10 21:38:10.115 +01:00  BacklogTracker.Areas.Users.Pages.UserPageModel INF]  Fetching user...
[2024-10-10 21:38:13.153 +01:00  BacklogTracker.Areas.Identity.Pages.Account.LogoutModel INF]  User logged out.
